<?xml version="1.0" encoding="UTF-8"?>
<testng-results skipped="0" failed="0" total="1" passed="1">
  <reporter-output>
  </reporter-output>
  <suite name="Default suite" duration-ms="55447" started-at="2014-08-04T00:32:46Z" finished-at="2014-08-04T00:33:41Z">
    <groups>
    </groups>
    <test name="Default test" duration-ms="55447" started-at="2014-08-04T00:32:46Z" finished-at="2014-08-04T00:33:41Z">
      <class name="seleniumautomation.test.ObjectRepository_TestCase">
        <test-method status="PASS" signature="Startup()[pri:0, instance:seleniumautomation.test.ObjectRepository_TestCase@5ba71e88]" name="Startup" is-config="true" duration-ms="13" started-at="2014-08-04T06:02:46Z" finished-at="2014-08-04T06:02:46Z">
          <reporter-output>
          </reporter-output>
        </test-method> <!-- Startup -->
        <test-method status="PASS" signature="testwithproperties()[pri:0, instance:seleniumautomation.test.ObjectRepository_TestCase@5ba71e88]" name="testwithproperties" duration-ms="55409" started-at="2014-08-04T06:02:46Z" finished-at="2014-08-04T06:03:41Z">
          <reporter-output>
          </reporter-output>
        </test-method> <!-- testwithproperties -->
      </class> <!-- seleniumautomation.test.ObjectRepository_TestCase -->
    </test> <!-- Default test -->
  </suite> <!-- Default suite -->
</testng-results>
